Date: 03/11/2025, Time: 17:01
Error: Cannot destructure property 'email' of 'body' as it is undefined.
Stack Trace: TypeError: Cannot destructure property 'email' of 'body' as it is undefined.
    at Object.loginUser (D:\expense-tracker-api\expense-tracker-api\services\userService.js:41:13)
    at loginUser (D:\expense-tracker-api\expense-tracker-api\controller\userController.js:27:42)
    at process.processTicksAndRejections (node:internal/process/task_queues:105:5)
Date: 04/11/2025, Time: 16:02
Error: Invalid status code: 2000. Status code must be greater than 99 and less than 1000.
Stack Trace: RangeError: Invalid status code: 2000. Status code must be greater than 99 and less than 1000.
    at ServerResponse.status (D:\expense-tracker-api\expense-tracker-api\node_modules\express\lib\response.js:69:11)
    at Object.successResponse (D:\expense-tracker-api\expense-tracker-api\helpers\response.js:3:14)
    at addExpense (D:\expense-tracker-api\expense-tracker-api\controller\expenseController.js:13:23)
    at process.processTicksAndRejections (node:internal/process/task_queues:105:5)
Date: 04/11/2025, Time: 16:13
Error: The comparison function must be either a function or undefined: #<Object>
Stack Trace: TypeError: The comparison function must be either a function or undefined: #<Object>
    at Array.toSorted (<anonymous>)
    at Object.getExpenses (D:\expense-tracker-api\expense-tracker-api\services\expenseService.js:17:53)
    at process.processTicksAndRejections (node:internal/process/task_queues:105:5)
    at async getAllExpense (D:\expense-tracker-api\expense-tracker-api\controller\expenseController.js:32:26)
Date: 04/11/2025, Time: 16:14
Error: The comparison function must be either a function or undefined: #<Object>
Stack Trace: TypeError: The comparison function must be either a function or undefined: #<Object>
    at Array.toSorted (<anonymous>)
    at Object.getExpenses (D:\expense-tracker-api\expense-tracker-api\services\expenseService.js:18:53)
    at process.processTicksAndRejections (node:internal/process/task_queues:105:5)
    at async getAllExpense (D:\expense-tracker-api\expense-tracker-api\controller\expenseController.js:32:26)
Date: 04/11/2025, Time: 16:16
Error: sort() options argument must be an object or nullish
Stack Trace: Error: sort() options argument must be an object or nullish
    at Query.sort (D:\expense-tracker-api\expense-tracker-api\node_modules\mongoose\lib\query.js:3065:11)
    at Object.getExpenses (D:\expense-tracker-api\expense-tracker-api\services\expenseService.js:22:57)
    at getAllExpense (D:\expense-tracker-api\expense-tracker-api\controller\expenseController.js:32:46)
    at process.processTicksAndRejections (node:internal/process/task_queues:105:5)
Date: 04/11/2025, Time: 16:37
Error: id is not defined
Stack Trace: ReferenceError: id is not defined
    at Object.getExpenseById (D:\expense-tracker-api\expense-tracker-api\services\expenseService.js:27:49)
    at getExpenseById (D:\expense-tracker-api\expense-tracker-api\controller\expenseController.js:51:46)
    at process.processTicksAndRejections (node:internal/process/task_queues:105:5)
Date: 04/11/2025, Time: 16:55
Error: isDeleted is not defined
Stack Trace: ReferenceError: isDeleted is not defined
    at Object.addExpense (D:\expense-tracker-api\expense-tracker-api\services\expenseService.js:12:17)
    at addExpense (D:\expense-tracker-api\expense-tracker-api\controller\expenseController.js:11:46)
    at process.processTicksAndRejections (node:internal/process/task_queues:105:5)
Date: 05/11/2025, Time: 17:57
Error: body is not defined
Stack Trace: ReferenceError: body is not defined
    at Object.addCategory (D:\expense-tracker-api\expense-tracker-api\services\categoryService.js:4:22)
    at addCategory (D:\expense-tracker-api\expense-tracker-api\controller\categoryController.js:11:42)
    at process.processTicksAndRejections (node:internal/process/task_queues:105:5)
Date: 06/11/2025, Time: 15:19
Error: categoryService.addCategory is not a function
Stack Trace: TypeError: categoryService.addCategory is not a function
    at addCategory (D:\expense-tracker-api\expense-tracker-api\controller\categoryController.js:10:42)
    at process.processTicksAndRejections (node:internal/process/task_queues:105:5)
Date: 06/11/2025, Time: 15:20
Error: categoryService.addCategory is not a function
Stack Trace: TypeError: categoryService.addCategory is not a function
    at addCategory (D:\expense-tracker-api\expense-tracker-api\controller\categoryController.js:10:42)
    at process.processTicksAndRejections (node:internal/process/task_queues:105:5)
Date: 06/11/2025, Time: 15:35
Error: categoryId is not defined
Stack Trace: ReferenceError: categoryId is not defined
    at Object.addExpense (D:\expense-tracker-api\expense-tracker-api\services\expenseService.js:9:9)
    at addExpense (D:\expense-tracker-api\expense-tracker-api\controller\expenseController.js:11:46)
    at process.processTicksAndRejections (node:internal/process/task_queues:105:5)
Date: 06/11/2025, Time: 15:35
Error: categoryId is not defined
Stack Trace: ReferenceError: categoryId is not defined
    at Object.addExpense (D:\expense-tracker-api\expense-tracker-api\services\expenseService.js:9:9)
    at addExpense (D:\expense-tracker-api\expense-tracker-api\controller\expenseController.js:11:46)
    at process.processTicksAndRejections (node:internal/process/task_queues:105:5)
Date: 06/11/2025, Time: 15:36
Error: categoryId is not defined
Stack Trace: ReferenceError: categoryId is not defined
    at Object.addExpense (D:\expense-tracker-api\expense-tracker-api\services\expenseService.js:9:9)
    at addExpense (D:\expense-tracker-api\expense-tracker-api\controller\expenseController.js:11:46)
    at process.processTicksAndRejections (node:internal/process/task_queues:105:5)
Date: 06/11/2025, Time: 15:36
Error: categoryId is not defined
Stack Trace: ReferenceError: categoryId is not defined
    at Object.addExpense (D:\expense-tracker-api\expense-tracker-api\services\expenseService.js:9:9)
    at addExpense (D:\expense-tracker-api\expense-tracker-api\controller\expenseController.js:11:46)
    at process.processTicksAndRejections (node:internal/process/task_queues:105:5)
Date: 06/11/2025, Time: 15:39
Error: Cast to ObjectId failed for value "192.168.1.187" (type string) at path "_id" for model "Expense"
Stack Trace: CastError: Cast to ObjectId failed for value "192.168.1.187" (type string) at path "_id" for model "Expense"
    at SchemaObjectId.cast (D:\expense-tracker-api\expense-tracker-api\node_modules\mongoose\lib\schema\objectId.js:251:11)
    at SchemaType.applySetters (D:\expense-tracker-api\expense-tracker-api\node_modules\mongoose\lib\schemaType.js:1262:12)
    at SchemaType.castForQuery (D:\expense-tracker-api\expense-tracker-api\node_modules\mongoose\lib\schemaType.js:1698:17)
    at cast (D:\expense-tracker-api\expense-tracker-api\node_modules\mongoose\lib\cast.js:390:32)
    at Query.cast (D:\expense-tracker-api\expense-tracker-api\node_modules\mongoose\lib\query.js:5060:12)
    at Query._castConditions (D:\expense-tracker-api\expense-tracker-api\node_modules\mongoose\lib\query.js:2374:10)
    at model.Query._findOne (D:\expense-tracker-api\expense-tracker-api\node_modules\mongoose\lib\query.js:2697:8)
    at model.Query.exec (D:\expense-tracker-api\expense-tracker-api\node_modules\mongoose\lib\query.js:4627:80)
    at process.processTicksAndRejections (node:internal/process/task_queues:105:5)
    at async Object.getExpenseById (D:\expense-tracker-api\expense-tracker-api\services\expenseService.js:32:23)
Date: 06/11/2025, Time: 15:40
Error: Cast to ObjectId failed for value "192.168.1.187" (type string) at path "_id" for model "Expense"
Stack Trace: CastError: Cast to ObjectId failed for value "192.168.1.187" (type string) at path "_id" for model "Expense"
    at SchemaObjectId.cast (D:\expense-tracker-api\expense-tracker-api\node_modules\mongoose\lib\schema\objectId.js:251:11)
    at SchemaType.applySetters (D:\expense-tracker-api\expense-tracker-api\node_modules\mongoose\lib\schemaType.js:1262:12)
    at SchemaType.castForQuery (D:\expense-tracker-api\expense-tracker-api\node_modules\mongoose\lib\schemaType.js:1698:17)
    at cast (D:\expense-tracker-api\expense-tracker-api\node_modules\mongoose\lib\cast.js:390:32)
    at Query.cast (D:\expense-tracker-api\expense-tracker-api\node_modules\mongoose\lib\query.js:5060:12)
    at Query._castConditions (D:\expense-tracker-api\expense-tracker-api\node_modules\mongoose\lib\query.js:2374:10)
    at model.Query._findOne (D:\expense-tracker-api\expense-tracker-api\node_modules\mongoose\lib\query.js:2697:8)
    at model.Query.exec (D:\expense-tracker-api\expense-tracker-api\node_modules\mongoose\lib\query.js:4627:80)
    at process.processTicksAndRejections (node:internal/process/task_queues:105:5)
    at async Object.getExpenseById (D:\expense-tracker-api\expense-tracker-api\services\expenseService.js:32:23)
Date: 06/11/2025, Time: 15:40
Error: Cast to ObjectId failed for value "192.168.1.187" (type string) at path "_id" for model "Expense"
Stack Trace: CastError: Cast to ObjectId failed for value "192.168.1.187" (type string) at path "_id" for model "Expense"
    at SchemaObjectId.cast (D:\expense-tracker-api\expense-tracker-api\node_modules\mongoose\lib\schema\objectId.js:251:11)
    at SchemaType.applySetters (D:\expense-tracker-api\expense-tracker-api\node_modules\mongoose\lib\schemaType.js:1262:12)
    at SchemaType.castForQuery (D:\expense-tracker-api\expense-tracker-api\node_modules\mongoose\lib\schemaType.js:1698:17)
    at cast (D:\expense-tracker-api\expense-tracker-api\node_modules\mongoose\lib\cast.js:390:32)
    at Query.cast (D:\expense-tracker-api\expense-tracker-api\node_modules\mongoose\lib\query.js:5060:12)
    at Query._castConditions (D:\expense-tracker-api\expense-tracker-api\node_modules\mongoose\lib\query.js:2374:10)
    at model.Query._findOne (D:\expense-tracker-api\expense-tracker-api\node_modules\mongoose\lib\query.js:2697:8)
    at model.Query.exec (D:\expense-tracker-api\expense-tracker-api\node_modules\mongoose\lib\query.js:4627:80)
    at process.processTicksAndRejections (node:internal/process/task_queues:105:5)
    at async Object.getExpenseById (D:\expense-tracker-api\expense-tracker-api\services\expenseService.js:32:23)
